Logfile initialized
[INFO] logfile = /Users/eddiesprietsma/Documents/P4P project BrugApp/Leeuwarden-app/build.log
[DEBUG] /Users/eddiesprietsma/Library/Application Support/Titanium/mobilesdk/osx/2.0.2.GA/android/builder.py install Leeuwarden app /Users/eddiesprietsma/Documents/Android-SDK /Users/eddiesprietsma/Documents/P4P project BrugApp/Leeuwarden-app com.internetacademie.leeuwarden 22
[INFO] Titanium SDK version: 2.0.2 (05/30/12 10:21 2ff31a3)
[DEBUG] Waiting for device to be ready ...
[TRACE] adb devices returned 1 devices/emulators
[DEBUG] Device connected... (waited 0 seconds)
[DEBUG] waited 0.014926 seconds on emulator to get ready
[DEBUG] com.internetacademie.leeuwarden installed? True
[INFO] Copying CommonJS modules...
[INFO] Copying project resources..
[TRACE] COPYING MODIFIED FILE: /Users/eddiesprietsma/Documents/P4P project BrugApp/Leeuwarden-app/Resources/lib/List.js => /Users/eddiesprietsma/Documents/P4P project BrugApp/Leeuwarden-app/build/android/bin/assets/Resources/lib/List.js
[TRACE] Generating Java Classes
[DEBUG] Processing Android resource drawables
[DEBUG] copying app icon: /Users/eddiesprietsma/Documents/P4P project BrugApp/Leeuwarden-app/build/android/bin/assets/Resources/appicon.png
[DEBUG] generating theme.xml
[DEBUG] found drawable-long-land-hdpi splash screen at /Users/eddiesprietsma/Documents/P4P project BrugApp/Leeuwarden-app/Resources/android/images/res-long-land-hdpi/default.png
[DEBUG] copying /Users/eddiesprietsma/Documents/P4P project BrugApp/Leeuwarden-app/Resources/android/images/res-long-land-hdpi/default.png splash screen to /Users/eddiesprietsma/Documents/P4P project BrugApp/Leeuwarden-app/build/android/res/drawable-long-land-hdpi/background.png
[DEBUG] found drawable-long-land-ldpi splash screen at /Users/eddiesprietsma/Documents/P4P project BrugApp/Leeuwarden-app/Resources/android/images/res-long-land-ldpi/default.png
[DEBUG] copying /Users/eddiesprietsma/Documents/P4P project BrugApp/Leeuwarden-app/Resources/android/images/res-long-land-ldpi/default.png splash screen to /Users/eddiesprietsma/Documents/P4P project BrugApp/Leeuwarden-app/build/android/res/drawable-long-land-ldpi/background.png
[DEBUG] found drawable-long-port-hdpi splash screen at /Users/eddiesprietsma/Documents/P4P project BrugApp/Leeuwarden-app/Resources/android/images/res-long-port-hdpi/default.png
[DEBUG] copying /Users/eddiesprietsma/Documents/P4P project BrugApp/Leeuwarden-app/Resources/android/images/res-long-port-hdpi/default.png splash screen to /Users/eddiesprietsma/Documents/P4P project BrugApp/Leeuwarden-app/build/android/res/drawable-long-port-hdpi/background.png
[DEBUG] found drawable-long-port-ldpi splash screen at /Users/eddiesprietsma/Documents/P4P project BrugApp/Leeuwarden-app/Resources/android/images/res-long-port-ldpi/default.png
[DEBUG] copying /Users/eddiesprietsma/Documents/P4P project BrugApp/Leeuwarden-app/Resources/android/images/res-long-port-ldpi/default.png splash screen to /Users/eddiesprietsma/Documents/P4P project BrugApp/Leeuwarden-app/build/android/res/drawable-long-port-ldpi/background.png
[DEBUG] found drawable-notlong-land-hdpi splash screen at /Users/eddiesprietsma/Documents/P4P project BrugApp/Leeuwarden-app/Resources/android/images/res-notlong-land-hdpi/default.png
[DEBUG] copying /Users/eddiesprietsma/Documents/P4P project BrugApp/Leeuwarden-app/Resources/android/images/res-notlong-land-hdpi/default.png splash screen to /Users/eddiesprietsma/Documents/P4P project BrugApp/Leeuwarden-app/build/android/res/drawable-notlong-land-hdpi/background.png
[DEBUG] found drawable-notlong-land-ldpi splash screen at /Users/eddiesprietsma/Documents/P4P project BrugApp/Leeuwarden-app/Resources/android/images/res-notlong-land-ldpi/default.png
[DEBUG] copying /Users/eddiesprietsma/Documents/P4P project BrugApp/Leeuwarden-app/Resources/android/images/res-notlong-land-ldpi/default.png splash screen to /Users/eddiesprietsma/Documents/P4P project BrugApp/Leeuwarden-app/build/android/res/drawable-notlong-land-ldpi/background.png
[DEBUG] found drawable-notlong-land-mdpi splash screen at /Users/eddiesprietsma/Documents/P4P project BrugApp/Leeuwarden-app/Resources/android/images/res-notlong-land-mdpi/default.png
[DEBUG] copying /Users/eddiesprietsma/Documents/P4P project BrugApp/Leeuwarden-app/Resources/android/images/res-notlong-land-mdpi/default.png splash screen to /Users/eddiesprietsma/Documents/P4P project BrugApp/Leeuwarden-app/build/android/res/drawable-notlong-land-mdpi/background.png
[DEBUG] found drawable-notlong-port-hdpi splash screen at /Users/eddiesprietsma/Documents/P4P project BrugApp/Leeuwarden-app/Resources/android/images/res-notlong-port-hdpi/default.png
[DEBUG] copying /Users/eddiesprietsma/Documents/P4P project BrugApp/Leeuwarden-app/Resources/android/images/res-notlong-port-hdpi/default.png splash screen to /Users/eddiesprietsma/Documents/P4P project BrugApp/Leeuwarden-app/build/android/res/drawable-notlong-port-hdpi/background.png
[DEBUG] found drawable-notlong-port-ldpi splash screen at /Users/eddiesprietsma/Documents/P4P project BrugApp/Leeuwarden-app/Resources/android/images/res-notlong-port-ldpi/default.png
[DEBUG] copying /Users/eddiesprietsma/Documents/P4P project BrugApp/Leeuwarden-app/Resources/android/images/res-notlong-port-ldpi/default.png splash screen to /Users/eddiesprietsma/Documents/P4P project BrugApp/Leeuwarden-app/build/android/res/drawable-notlong-port-ldpi/background.png
[DEBUG] found drawable-notlong-port-mdpi splash screen at /Users/eddiesprietsma/Documents/P4P project BrugApp/Leeuwarden-app/Resources/android/images/res-notlong-port-mdpi/default.png
[DEBUG] copying /Users/eddiesprietsma/Documents/P4P project BrugApp/Leeuwarden-app/Resources/android/images/res-notlong-port-mdpi/default.png splash screen to /Users/eddiesprietsma/Documents/P4P project BrugApp/Leeuwarden-app/build/android/res/drawable-notlong-port-mdpi/background.png
[DEBUG] copying default splash screen
[TRACE] Writing out AndroidManifest.xml
[DEBUG] adding /Users/eddiesprietsma/Documents/P4P project BrugApp/Leeuwarden-app/build/android/gen/com/internetacademie/leeuwarden/LeeuwardenAppActivity.java to javac build list
[DEBUG] adding /Users/eddiesprietsma/Documents/P4P project BrugApp/Leeuwarden-app/build/android/gen/com/internetacademie/leeuwarden/LeeuwardenAppAppInfo.java to javac build list
[DEBUG] adding /Users/eddiesprietsma/Documents/P4P project BrugApp/Leeuwarden-app/build/android/gen/com/internetacademie/leeuwarden/LeeuwardenAppApplication.java to javac build list
[DEBUG] adding /Users/eddiesprietsma/Documents/P4P project BrugApp/Leeuwarden-app/build/android/gen/com/internetacademie/leeuwarden/R.java to javac build list
[DEBUG] Building Java Sources: "/Users/eddiesprietsma/Documents/P4P project BrugApp/Leeuwarden-app/build/android/gen/com/internetacademie/leeuwarden/LeeuwardenAppActivity.java" "/Users/eddiesprietsma/Documents/P4P project BrugApp/Leeuwarden-app/build/android/gen/com/internetacademie/leeuwarden/LeeuwardenAppAppInfo.java" "/Users/eddiesprietsma/Documents/P4P project BrugApp/Leeuwarden-app/build/android/gen/com/internetacademie/leeuwarden/LeeuwardenAppApplication.java" "/Users/eddiesprietsma/Documents/P4P project BrugApp/Leeuwarden-app/build/android/gen/com/internetacademie/leeuwarden/R.java"
[INFO] Compiling Android Resources... This could take some time
[DEBUG] Android classes.dex built
[DEBUG] creating unsigned apk: /Users/eddiesprietsma/Documents/P4P project BrugApp/Leeuwarden-app/build/android/bin/app-unsigned.apk
[DEBUG] from resource zip => assets/Resources/Data/Bruggen.lwd.js
[DEBUG] from resource zip => assets/Resources/Data/Jachthavens.lwd.js
[DEBUG] from resource zip => assets/Resources/Data/Ligplaatsen.lwd.js
[DEBUG] from resource zip => assets/Resources/images/Aanleg.png
[DEBUG] from resource zip => assets/Resources/images/Aanlegstijger.png
[DEBUG] from resource zip => assets/Resources/images/BrugGroen.png
[DEBUG] from resource zip => assets/Resources/images/BrugRood.png
[DEBUG] from resource zip => assets/Resources/images/ToonOpKaart.png
[DEBUG] from resource zip => assets/Resources/images/ToonOpKaart@2x.png
[DEBUG] from resource zip => assets/Resources/images/list.png
[DEBUG] from resource zip => assets/Resources/images/location.png
[DEBUG] from resource zip => assets/Resources/images/map.png
[DEBUG] from resource zip => assets/Resources/images/rightbutton.png
[DEBUG] from resource zip => assets/Resources/images/settings.png
[DEBUG] from resource zip => assets/Resources/images/trailstip.png
[DEBUG] from resource zip => assets/Resources/lib/IO.js
[DEBUG] from resource zip => assets/Resources/lib/List.js
[DEBUG] from resource zip => assets/Resources/lib/Map.js
[DEBUG] from resource zip => assets/Resources/lib/OnLoad.js
[DEBUG] from resource zip => assets/Resources/lib/Validation.js
[DEBUG] from resource zip => assets/Resources/src/ui/DetailView.js
[DEBUG] from resource zip => assets/Resources/src/ui/ListWindow.js
[DEBUG] from resource zip => assets/Resources/src/ui/MapWindow.js
[DEBUG] from resource zip => assets/Resources/src/ui/SettingsWindow.js
[DEBUG] from resource zip => assets/Resources/src/ui/TabBar.js
[DEBUG] from resource zip => assets/Resources/Config.js
[DEBUG] from resource zip => assets/Resources/KS_nav_ui.png
[DEBUG] from resource zip => assets/Resources/KS_nav_views.png
[DEBUG] from resource zip => assets/Resources/app.js
[DEBUG] from resource zip => assets/Resources/appicon.png
[DEBUG] from resource zip => assets/Resources/ti.cloud.js
[DEBUG] from resource zip => assets/app.json
[DEBUG] from resource zip => assets/index.json
[DEBUG] from resource zip => assets/tiapp.xml
[DEBUG] from resource zip => res/drawable/appicon.png
[DEBUG] from resource zip => res/drawable/background.png
[DEBUG] from resource zip => res/layout/titanium_tabgroup.xml
[DEBUG] from resource zip => AndroidManifest.xml
[DEBUG] from resource zip => resources.arsc
[DEBUG] from resource zip => res/drawable-long-land-hdpi/background.png
[DEBUG] from resource zip => res/drawable-long-land-ldpi/background.png
[DEBUG] from resource zip => res/drawable-long-port-hdpi/background.png
[DEBUG] from resource zip => res/drawable-long-port-ldpi/background.png
[DEBUG] from resource zip => res/drawable-notlong-land-hdpi/background.png
[DEBUG] from resource zip => res/drawable-notlong-land-ldpi/background.png
[DEBUG] from resource zip => res/drawable-notlong-land-mdpi/background.png
[DEBUG] from resource zip => res/drawable-notlong-port-hdpi/background.png
[DEBUG] from resource zip => res/drawable-notlong-port-ldpi/background.png
[DEBUG] from resource zip => res/drawable-notlong-port-mdpi/background.png
[DEBUG] from JAR /Users/eddiesprietsma/Library/Application Support/Titanium/mobilesdk/osx/2.0.2.GA/android/titanium.jar => org/appcelerator/titanium/build.properties
[DEBUG] from JAR /Users/eddiesprietsma/Library/Application Support/Titanium/mobilesdk/osx/2.0.2.GA/android/titanium.jar => org/appcelerator/titanium/res/drawable/background.png
[DEBUG] from JAR /Users/eddiesprietsma/Library/Application Support/Titanium/mobilesdk/osx/2.0.2.GA/android/titanium.jar => org/appcelerator/titanium/res/drawable/btn_check_buttonless_on.png
[DEBUG] from JAR /Users/eddiesprietsma/Library/Application Support/Titanium/mobilesdk/osx/2.0.2.GA/android/titanium.jar => org/appcelerator/titanium/res/drawable/btn_check_buttonless_on_18.png
[DEBUG] from JAR /Users/eddiesprietsma/Library/Application Support/Titanium/mobilesdk/osx/2.0.2.GA/android/titanium.jar => org/appcelerator/titanium/res/drawable/btn_check_buttonless_on_48.png
[DEBUG] from JAR /Users/eddiesprietsma/Library/Application Support/Titanium/mobilesdk/osx/2.0.2.GA/android/titanium.jar => org/appcelerator/titanium/res/drawable/btn_more.png
[DEBUG] from JAR /Users/eddiesprietsma/Library/Application Support/Titanium/mobilesdk/osx/2.0.2.GA/android/titanium.jar => org/appcelerator/titanium/res/drawable/btn_more_18.png
[DEBUG] from JAR /Users/eddiesprietsma/Library/Application Support/Titanium/mobilesdk/osx/2.0.2.GA/android/titanium.jar => org/appcelerator/titanium/res/drawable/btn_more_48.png
[DEBUG] from JAR /Users/eddiesprietsma/Library/Application Support/Titanium/mobilesdk/osx/2.0.2.GA/android/titanium.jar => org/appcelerator/titanium/res/drawable/btn_picker_normal.9.png
[DEBUG] from JAR /Users/eddiesprietsma/Library/Application Support/Titanium/mobilesdk/osx/2.0.2.GA/android/titanium.jar => org/appcelerator/titanium/res/drawable/btn_picker_pressed.9.png
[DEBUG] from JAR /Users/eddiesprietsma/Library/Application Support/Titanium/mobilesdk/osx/2.0.2.GA/android/titanium.jar => org/appcelerator/titanium/res/drawable/btn_picker_selected.9.png
[DEBUG] from JAR /Users/eddiesprietsma/Library/Application Support/Titanium/mobilesdk/osx/2.0.2.GA/android/titanium.jar => org/appcelerator/titanium/res/drawable/default_icon.png
[DEBUG] from JAR /Users/eddiesprietsma/Library/Application Support/Titanium/mobilesdk/osx/2.0.2.GA/android/titanium.jar => org/appcelerator/titanium/res/drawable/photoDefault.png
[DEBUG] from JAR /Users/eddiesprietsma/Library/Application Support/Titanium/mobilesdk/osx/2.0.2.GA/android/thirdparty.jar => org/apache/Commons-NOTICE.txt
[DEBUG] from JAR /Users/eddiesprietsma/Library/Application Support/Titanium/mobilesdk/osx/2.0.2.GA/android/thirdparty.jar => org/apache/HttpComponents-NOTICE.txt
[DEBUG] from JAR /Users/eddiesprietsma/Library/Application Support/Titanium/mobilesdk/osx/2.0.2.GA/android/thirdparty.jar => org/apache/mime4j-NOTICE.txt
[DEBUG] from JAR /Users/eddiesprietsma/Library/Application Support/Titanium/mobilesdk/osx/2.0.2.GA/android/modules/titanium-ui.jar => ti/modules/titanium/ui/widget/webview/binding.js
[DEBUG] from JAR /Users/eddiesprietsma/Library/Application Support/Titanium/mobilesdk/osx/2.0.2.GA/android/modules/titanium-ui.jar => ti/modules/titanium/ui/widget/webview/binding.min.js
[DEBUG] from JAR /Users/eddiesprietsma/Library/Application Support/Titanium/mobilesdk/osx/2.0.2.GA/android/modules/titanium-ui.jar => ti/modules/titanium/ui/widget/webview/json2.js
[DEBUG] installing native SDK libs
[DEBUG] Waiting for device to be ready ...
[TRACE] adb devices returned 1 devices/emulators
[DEBUG] Device connected... (waited 0 seconds)
[DEBUG] waited 0.016875 seconds on emulator to get ready
[INFO] Installing application on device
[INFO] Application installed. Launch from drawer on Home Screen
